0 info it worked if it ends with ok
1 verbose cli [ 'C:\\Program Files\\nodejs\\node.exe',
1 verbose cli   'C:\\Program Files\\nodejs\\node_modules\\npm\\bin\\npm-cli.js',
1 verbose cli   'publish',
1 verbose cli   '--force' ]
2 info using npm@2.14.7
3 info using node@v4.2.1
4 warn using --force I sure hope you know what you are doing.
5 verbose publish [ '.' ]
6 silly cache add args [ '.', null ]
7 verbose cache add spec .
8 silly cache add parsed spec Result {
8 silly cache add   raw: '.',
8 silly cache add   scope: null,
8 silly cache add   name: null,
8 silly cache add   rawSpec: '.',
8 silly cache add   spec: 'C:\\xampp\\htdocs\\git.jscow-panel.de',
8 silly cache add   type: 'directory' }
9 verbose addLocalDirectory C:\Users\gelig\AppData\Roaming\npm-cache\jscow-panel\1.0.0\package.tgz not in flight; packing
10 verbose tar pack [ 'C:\\Users\\gelig\\AppData\\Roaming\\npm-cache\\jscow-panel\\1.0.0\\package.tgz',
10 verbose tar pack   'C:\\xampp\\htdocs\\git.jscow-panel.de' ]
11 verbose tarball C:\Users\gelig\AppData\Roaming\npm-cache\jscow-panel\1.0.0\package.tgz
12 verbose folder C:\xampp\htdocs\git.jscow-panel.de
13 info prepublish jscow-panel@1.0.0
14 verbose addLocalTarball adding from inside cache C:\Users\gelig\AppData\Roaming\npm-cache\jscow-panel\1.0.0\package.tgz
15 silly cache afterAdd jscow-panel@1.0.0
16 verbose afterAdd C:\Users\gelig\AppData\Roaming\npm-cache\jscow-panel\1.0.0\package\package.json not in flight; writing
17 verbose afterAdd C:\Users\gelig\AppData\Roaming\npm-cache\jscow-panel\1.0.0\package\package.json written
18 silly publish { name: 'jscow-panel',
18 silly publish   description: 'jsCow - Panel - Javascript Component Framework',
18 silly publish   version: '1.0.0',
18 silly publish   license: 'GPL-3.0+',
18 silly publish   readme: 'README.md',
18 silly publish   author: { name: 'Mario Linz', email: 'jscow@gmx.de' },
18 silly publish   contributors: [ { name: 'Mario Linz', email: 'jscow@gmx.de' } ],
18 silly publish   devDependencies:
18 silly publish    { grunt: 'latest',
18 silly publish      'grunt-cli': 'latest',
18 silly publish      'grunt-contrib-clean': 'latest',
18 silly publish      'grunt-contrib-less': 'latest',
18 silly publish      'grunt-contrib-copy': 'latest',
18 silly publish      'grunt-contrib-watch': 'latest',
18 silly publish      'grunt-contrib-uglify': 'latest',
18 silly publish      'grunt-contrib-compress': 'latest',
18 silly publish      'grunt-contrib-jshint': 'latest' },
18 silly publish   repository:
18 silly publish    { type: 'git',
18 silly publish      url: 'git+https://github.com/jsCow/jscow-panel.git' },
18 silly publish   gitHead: '99a54c087d1a9ad65f09d411637aa61c513fa9b0',
18 silly publish   bugs: { url: 'https://github.com/jsCow/jscow-panel/issues' },
18 silly publish   homepage: 'https://github.com/jsCow/jscow-panel#readme',
18 silly publish   _id: 'jscow-panel@1.0.0',
18 silly publish   scripts: {},
18 silly publish   _shasum: '62b6e994b87ca55046b77af8c6276b34c5034114',
18 silly publish   _from: '.' }
19 verbose getPublishConfig undefined
20 silly mapToRegistry name jscow-panel
21 silly mapToRegistry using default registry
22 silly mapToRegistry registry https://registry.npmjs.org/
23 silly mapToRegistry uri https://registry.npmjs.org/jscow-panel
24 verbose publish registryBase https://registry.npmjs.org/
25 silly publish uploading C:\Users\gelig\AppData\Roaming\npm-cache\jscow-panel\1.0.0\package.tgz
26 verbose request uri https://registry.npmjs.org/jscow-panel
27 verbose request sending authorization for write operation
28 info attempt registry request try #1 at 23:47:48
29 verbose request using bearer token for auth
30 verbose request id 40d3ab3e16a26f25
31 http request PUT https://registry.npmjs.org/jscow-panel
32 http 403 https://registry.npmjs.org/jscow-panel
33 verbose headers { 'content-type': 'application/json',
33 verbose headers   'cache-control': 'max-age=60',
33 verbose headers   'content-length': '128',
33 verbose headers   'accept-ranges': 'bytes',
33 verbose headers   date: 'Mon, 16 Nov 2015 22:47:54 GMT',
33 verbose headers   via: '1.1 varnish',
33 verbose headers   connection: 'keep-alive',
33 verbose headers   'x-served-by': 'cache-fra1232-FRA',
33 verbose headers   'x-cache': 'MISS',
33 verbose headers   'x-cache-hits': '0',
33 verbose headers   'x-timer': 'S1447714073.541025,VS0,VE1203' }
34 verbose request invalidating C:\Users\gelig\AppData\Roaming\npm-cache\registry.npmjs.org\jscow-panel on PUT
35 error publish Failed PUT 403
36 verbose stack Error: "You cannot publish over the previously published version 1.0.0. Try bumping the version to 2.0.0" : jscow-panel
36 verbose stack     at makeError (C:\Program Files\nodejs\node_modules\npm\node_modules\npm-registry-client\lib\request.js:264:12)
36 verbose stack     at CachingRegistryClient.<anonymous> (C:\Program Files\nodejs\node_modules\npm\node_modules\npm-registry-client\lib\request.js:252:14)
36 verbose stack     at Request._callback (C:\Program Files\nodejs\node_modules\npm\node_modules\npm-registry-client\lib\request.js:172:14)
36 verbose stack     at Request.self.callback (C:\Program Files\nodejs\node_modules\npm\node_modules\request\request.js:198:22)
36 verbose stack     at emitTwo (events.js:87:13)
36 verbose stack     at Request.emit (events.js:172:7)
36 verbose stack     at Request.<anonymous> (C:\Program Files\nodejs\node_modules\npm\node_modules\request\request.js:1063:14)
36 verbose stack     at emitOne (events.js:82:20)
36 verbose stack     at Request.emit (events.js:169:7)
36 verbose stack     at IncomingMessage.<anonymous> (C:\Program Files\nodejs\node_modules\npm\node_modules\request\request.js:1009:12)
37 verbose statusCode 403
38 verbose pkgid jscow-panel
39 verbose cwd C:\xampp\htdocs\git.jscow-panel.de
40 error Windows_NT 10.0.10240
41 error argv "C:\\Program Files\\nodejs\\node.exe" "C:\\Program Files\\nodejs\\node_modules\\npm\\bin\\npm-cli.js" "publish" "--force"
42 error node v4.2.1
43 error npm  v2.14.7
44 error code E403
45 error "You cannot publish over the previously published version 1.0.0. Try bumping the version to 2.0.0" : jscow-panel
46 error If you need help, you may report this error at:
46 error     <https://github.com/npm/npm/issues>
47 verbose exit [ 1, true ]
